0 info it worked if it ends with ok
1 verbose cli [ '/usr/local/bin/node',
1 verbose cli   '/usr/local/bin/npm',
1 verbose cli   'link',
1 verbose cli   'javascript' ]
2 info using npm@1.2.15
3 info using node@v0.10.1
4 verbose install where,what [ '/usr/local/lib', [ 'javascript' ] ]
5 verbose read json /usr/local/lib/package.json
6 verbose read json /usr/local/lib/node_modules/express/package.json
7 verbose read json /usr/local/lib/node_modules/jade/package.json
8 verbose read json /usr/local/lib/node_modules/module/package.json
9 verbose read json /usr/local/lib/node_modules/npm/package.json
10 verbose read json /usr/local/lib/node_modules/supervisor/package.json
11 verbose read json /usr/local/lib/package.json
12 verbose cache add [ 'javascript', null ]
13 verbose cache add name=undefined spec="javascript" args=["javascript",null]
14 verbose parsed url { protocol: null,
14 verbose parsed url   slashes: null,
14 verbose parsed url   auth: null,
14 verbose parsed url   host: null,
14 verbose parsed url   port: null,
14 verbose parsed url   hostname: null,
14 verbose parsed url   hash: null,
14 verbose parsed url   search: null,
14 verbose parsed url   query: null,
14 verbose parsed url   pathname: 'javascript',
14 verbose parsed url   path: 'javascript',
14 verbose parsed url   href: 'javascript' }
15 silly lockFile b6e13ad5-javascript javascript
16 verbose lock javascript /home/greg/.npm/b6e13ad5-javascript.lock
17 silly lockFile b6e13ad5-javascript javascript
18 silly lockFile b6e13ad5-javascript javascript
19 verbose addNamed [ 'javascript', '' ]
20 verbose addNamed [ null, '' ]
21 silly lockFile 1ea1c3fb-javascript javascript@
22 verbose lock javascript@ /home/greg/.npm/1ea1c3fb-javascript.lock
23 silly addNameRange { name: 'javascript', range: '', hasData: false }
24 verbose url raw javascript
25 verbose url resolving [ 'https://registry.npmjs.org/', './javascript' ]
26 verbose url resolved https://registry.npmjs.org/javascript
27 info trying registry request attempt 1 at 23:52:47
28 http GET https://registry.npmjs.org/javascript
29 http 404 https://registry.npmjs.org/javascript
30 silly registry.get cb [ 404,
30 silly registry.get   { server: 'CouchDB/1.3.0 (Erlang OTP/R15B03)',
30 silly registry.get     date: 'Tue, 18 Jun 2013 03:52:48 GMT',
30 silly registry.get     'content-type': 'application/json',
30 silly registry.get     'content-length': '52',
30 silly registry.get     'cache-control': 'must-revalidate' } ]
31 silly lockFile 1ea1c3fb-javascript javascript@
32 silly lockFile 1ea1c3fb-javascript javascript@
33 error 404 'javascript' is not in the npm registry.
33 error 404 You should bug the author to publish it
33 error 404
33 error 404 Note that you can also install from a
33 error 404 tarball, folder, or http url, or git url.
34 error System Linux 3.8.0-21-generic
35 error command "/usr/local/bin/node" "/usr/local/bin/npm" "link" "javascript"
36 error cwd /home/greg/Dropbox/dev/portfolio
37 error node -v v0.10.1
38 error npm -v 1.2.15
39 error code E404
40 verbose exit [ 1, true ]
